2022-06-01 01:14:55,689 aditrezas-macbook-pro product-service-dev.jar[28830] DEBUG [io.qua.boo.cla.QuarkusClassLoader] (main) Adding elements io.quarkus.bootstrap.classloading.MemoryClassPathElement@45f24169 to QuarkusClassLoader Quarkus Runtime ClassLoader: DEV restart no:0
2022-06-01 01:14:55,689 aditrezas-macbook-pro product-service-dev.jar[28830] DEBUG [io.qua.boo.cla.QuarkusClassLoader] (main) Adding elements io.quarkus.bootstrap.classloading.PathTreeClassPathElement@44d056ab to QuarkusClassLoader Quarkus Runtime ClassLoader: DEV restart no:0
2022-06-01 01:14:55,813 aditrezas-macbook-pro product-service-dev.jar[28830] WARN  [io.qua.config] (Quarkus Main Thread) Unrecognized configuration key "quarkus.log.console.json" was provided; it will be ignored; verify that the dependency extension for this configuration is set or that you did not make a typo
2022-06-01 01:14:55,813 aditrezas-macbook-pro product-service-dev.jar[28830] WARN  [io.qua.config] (Quarkus Main Thread) Unrecognized configuration key "quarkus.log.console.json.pretty-print" was provided; it will be ignored; verify that the dependency extension for this configuration is set or that you did not make a typo
2022-06-01 01:14:56,000 aditrezas-macbook-pro product-service-dev.jar[28830] DEBUG [io.qua.arc.impl] (Quarkus Main Thread) ArC DI container initialized [beans=77, observers=2]
2022-06-01 01:14:56,015 aditrezas-macbook-pro product-service-dev.jar[28830] DEBUG [io.qua.arc.run.BeanContainerImpl] (Quarkus Main Thread) No matching bean found for type class org.jboss.resteasy.reactive.server.vertx.serializers.ServerVertxBufferMessageBodyWriter and qualifiers []. The bean might have been marked as unused and removed during build.
2022-06-01 01:14:56,015 aditrezas-macbook-pro product-service-dev.jar[28830] DEBUG [io.qua.arc.run.BeanContainerImpl] (Quarkus Main Thread) No matching bean found for type class org.jboss.resteasy.reactive.server.vertx.serializers.ServerMutinyBufferMessageBodyWriter and qualifiers []. The bean might have been marked as unused and removed during build.
2022-06-01 01:14:56,016 aditrezas-macbook-pro product-service-dev.jar[28830] DEBUG [io.qua.arc.run.BeanContainerImpl] (Quarkus Main Thread) No matching bean found for type class org.jboss.resteasy.reactive.server.vertx.serializers.ServerVertxAsyncFileMessageBodyWriter and qualifiers []. The bean might have been marked as unused and removed during build.
2022-06-01 01:14:56,017 aditrezas-macbook-pro product-service-dev.jar[28830] DEBUG [io.qua.arc.run.BeanContainerImpl] (Quarkus Main Thread) No matching bean found for type class org.jboss.resteasy.reactive.server.vertx.serializers.ServerMutinyAsyncFileMessageBodyWriter and qualifiers []. The bean might have been marked as unused and removed during build.
2022-06-01 01:14:56,018 aditrezas-macbook-pro product-service-dev.jar[28830] DEBUG [io.qua.arc.run.BeanContainerImpl] (Quarkus Main Thread) No matching bean found for type class org.jboss.resteasy.reactive.server.providers.serialisers.ServerStringMessageBodyHandler and qualifiers []. The bean might have been marked as unused and removed during build.
2022-06-01 01:14:56,019 aditrezas-macbook-pro product-service-dev.jar[28830] DEBUG [io.qua.arc.run.BeanContainerImpl] (Quarkus Main Thread) No matching bean found for type class org.jboss.resteasy.reactive.server.providers.serialisers.ServerStringMessageBodyHandler and qualifiers []. The bean might have been marked as unused and removed during build.
2022-06-01 01:14:56,019 aditrezas-macbook-pro product-service-dev.jar[28830] DEBUG [io.qua.arc.run.BeanContainerImpl] (Quarkus Main Thread) No matching bean found for type class org.jboss.resteasy.reactive.server.providers.serialisers.ServerStringMessageBodyHandler and qualifiers []. The bean might have been marked as unused and removed during build.
2022-06-01 01:14:56,019 aditrezas-macbook-pro product-service-dev.jar[28830] DEBUG [io.qua.arc.run.BeanContainerImpl] (Quarkus Main Thread) No matching bean found for type class org.jboss.resteasy.reactive.server.providers.serialisers.ServerStringMessageBodyHandler and qualifiers []. The bean might have been marked as unused and removed during build.
2022-06-01 01:14:56,019 aditrezas-macbook-pro product-service-dev.jar[28830] DEBUG [io.qua.arc.run.BeanContainerImpl] (Quarkus Main Thread) No matching bean found for type class org.jboss.resteasy.reactive.server.providers.serialisers.ServerStringMessageBodyHandler and qualifiers []. The bean might have been marked as unused and removed during build.
2022-06-01 01:14:56,019 aditrezas-macbook-pro product-service-dev.jar[28830] DEBUG [io.qua.arc.run.BeanContainerImpl] (Quarkus Main Thread) No matching bean found for type class org.jboss.resteasy.reactive.server.providers.serialisers.ServerCharArrayMessageBodyHandler and qualifiers []. The bean might have been marked as unused and removed during build.
2022-06-01 01:14:56,019 aditrezas-macbook-pro product-service-dev.jar[28830] DEBUG [io.qua.arc.run.BeanContainerImpl] (Quarkus Main Thread) No matching bean found for type class org.jboss.resteasy.reactive.server.providers.serialisers.ServerByteArrayMessageBodyHandler and qualifiers []. The bean might have been marked as unused and removed during build.
2022-06-01 01:14:56,019 aditrezas-macbook-pro product-service-dev.jar[28830] DEBUG [io.qua.arc.run.BeanContainerImpl] (Quarkus Main Thread) No matching bean found for type class org.jboss.resteasy.reactive.server.providers.serialisers.ServerFormUrlEncodedProvider and qualifiers []. The bean might have been marked as unused and removed during build.
2022-06-01 01:14:56,019 aditrezas-macbook-pro product-service-dev.jar[28830] DEBUG [io.qua.arc.run.BeanContainerImpl] (Quarkus Main Thread) No matching bean found for type class org.jboss.resteasy.reactive.server.providers.serialisers.ServerInputStreamMessageBodyHandler and qualifiers []. The bean might have been marked as unused and removed during build.
2022-06-01 01:14:56,019 aditrezas-macbook-pro product-service-dev.jar[28830] DEBUG [io.qua.arc.run.BeanContainerImpl] (Quarkus Main Thread) No matching bean found for type class org.jboss.resteasy.reactive.server.providers.serialisers.ServerReaderBodyHandler and qualifiers []. The bean might have been marked as unused and removed during build.
2022-06-01 01:14:56,019 aditrezas-macbook-pro product-service-dev.jar[28830] DEBUG [io.qua.arc.run.BeanContainerImpl] (Quarkus Main Thread) No matching bean found for type class org.jboss.resteasy.reactive.server.providers.serialisers.ServerFileBodyHandler and qualifiers []. The bean might have been marked as unused and removed during build.
2022-06-01 01:14:56,019 aditrezas-macbook-pro product-service-dev.jar[28830] DEBUG [io.qua.arc.run.BeanContainerImpl] (Quarkus Main Thread) No matching bean found for type class org.jboss.resteasy.reactive.server.providers.serialisers.ServerFilePartBodyHandler and qualifiers []. The bean might have been marked as unused and removed during build.
2022-06-01 01:14:56,019 aditrezas-macbook-pro product-service-dev.jar[28830] DEBUG [io.qua.arc.run.BeanContainerImpl] (Quarkus Main Thread) No matching bean found for type class org.jboss.resteasy.reactive.server.providers.serialisers.ServerPathBodyHandler and qualifiers []. The bean might have been marked as unused and removed during build.
2022-06-01 01:14:56,019 aditrezas-macbook-pro product-service-dev.jar[28830] DEBUG [io.qua.arc.run.BeanContainerImpl] (Quarkus Main Thread) No matching bean found for type class org.jboss.resteasy.reactive.server.providers.serialisers.ServerPathPartBodyHandler and qualifiers []. The bean might have been marked as unused and removed during build.
2022-06-01 01:14:56,019 aditrezas-macbook-pro product-service-dev.jar[28830] DEBUG [io.qua.arc.run.BeanContainerImpl] (Quarkus Main Thread) No matching bean found for type class org.jboss.resteasy.reactive.server.providers.serialisers.ServerStringMessageBodyHandler and qualifiers []. The bean might have been marked as unused and removed during build.
2022-06-01 01:14:56,019 aditrezas-macbook-pro product-service-dev.jar[28830] DEBUG [io.qua.arc.run.BeanContainerImpl] (Quarkus Main Thread) No matching bean found for type class org.jboss.resteasy.reactive.server.providers.serialisers.ServerBooleanMessageBodyHandler and qualifiers []. The bean might have been marked as unused and removed during build.
2022-06-01 01:14:56,020 aditrezas-macbook-pro product-service-dev.jar[28830] DEBUG [io.qua.arc.run.BeanContainerImpl] (Quarkus Main Thread) No matching bean found for type class org.jboss.resteasy.reactive.server.providers.serialisers.ServerCharacterMessageBodyHandler and qualifiers []. The bean might have been marked as unused and removed during build.
2022-06-01 01:14:56,020 aditrezas-macbook-pro product-service-dev.jar[28830] DEBUG [io.qua.arc.run.BeanContainerImpl] (Quarkus Main Thread) No matching bean found for type class org.jboss.resteasy.reactive.server.providers.serialisers.ServerNumberMessageBodyHandler and qualifiers []. The bean might have been marked as unused and removed during build.
2022-06-01 01:14:56,020 aditrezas-macbook-pro product-service-dev.jar[28830] DEBUG [io.qua.arc.run.BeanContainerImpl] (Quarkus Main Thread) No matching bean found for type class org.jboss.resteasy.reactive.server.providers.serialisers.ServerInputStreamMessageBodyHandler and qualifiers []. The bean might have been marked as unused and removed during build.
2022-06-01 01:14:56,020 aditrezas-macbook-pro product-service-dev.jar[28830] DEBUG [io.qua.arc.run.BeanContainerImpl] (Quarkus Main Thread) No matching bean found for type class org.jboss.resteasy.reactive.server.providers.serialisers.ServerReaderBodyHandler and qualifiers []. The bean might have been marked as unused and removed during build.
2022-06-01 01:14:56,020 aditrezas-macbook-pro product-service-dev.jar[28830] DEBUG [io.qua.arc.run.BeanContainerImpl] (Quarkus Main Thread) No matching bean found for type class org.jboss.resteasy.reactive.server.providers.serialisers.ServerFileBodyHandler and qualifiers []. The bean might have been marked as unused and removed during build.
2022-06-01 01:14:56,020 aditrezas-macbook-pro product-service-dev.jar[28830] DEBUG [io.qua.arc.run.BeanContainerImpl] (Quarkus Main Thread) No matching bean found for type class org.jboss.resteasy.reactive.server.providers.serialisers.ServerByteArrayMessageBodyHandler and qualifiers []. The bean might have been marked as unused and removed during build.
2022-06-01 01:14:56,020 aditrezas-macbook-pro product-service-dev.jar[28830] DEBUG [io.qua.arc.run.BeanContainerImpl] (Quarkus Main Thread) No matching bean found for type class org.jboss.resteasy.reactive.server.providers.serialisers.ServerDefaultTextPlainBodyHandler and qualifiers []. The bean might have been marked as unused and removed during build.
2022-06-01 01:14:56,021 aditrezas-macbook-pro product-service-dev.jar[28830] DEBUG [io.qua.arc.run.BeanContainerImpl] (Quarkus Main Thread) No matching bean found for type class io.quarkus.resteasy.reactive.server.runtime.exceptionmappers.ForbiddenExceptionMapper and qualifiers []. The bean might have been marked as unused and removed during build.
2022-06-01 01:14:56,021 aditrezas-macbook-pro product-service-dev.jar[28830] DEBUG [io.qua.arc.run.BeanContainerImpl] (Quarkus Main Thread) No matching bean found for type class io.quarkus.resteasy.reactive.server.runtime.exceptionmappers.AuthenticationRedirectExceptionMapper and qualifiers []. The bean might have been marked as unused and removed during build.
2022-06-01 01:14:56,021 aditrezas-macbook-pro product-service-dev.jar[28830] DEBUG [io.qua.arc.run.BeanContainerImpl] (Quarkus Main Thread) No matching bean found for type class io.quarkus.resteasy.reactive.server.runtime.exceptionmappers.AuthenticationCompletionExceptionMapper and qualifiers []. The bean might have been marked as unused and removed during build.
2022-06-01 01:14:56,022 aditrezas-macbook-pro product-service-dev.jar[28830] DEBUG [io.qua.arc.run.BeanContainerImpl] (Quarkus Main Thread) No matching bean found for type class io.quarkus.rest.runtime.__QuarkusInit and qualifiers []. The bean might have been marked as unused and removed during build.
2022-06-01 01:14:56,081 aditrezas-macbook-pro product-service-dev.jar[28830] DEBUG [io.net.cha.DefaultChannelId] (Thread-49) -Dio.netty.processId: 28830 (auto-detected)
2022-06-01 01:14:56,082 aditrezas-macbook-pro product-service-dev.jar[28830] DEBUG [io.net.cha.DefaultChannelId] (Thread-49) -Dio.netty.machineId: 13:19:3f:d3:4a:e8:1b:74 (user-set)
2022-06-01 01:14:56,126 aditrezas-macbook-pro product-service-dev.jar[28830] DEBUG [org.jbo.threads] (Quarkus Main Thread) JBoss Threads version 3.4.2.Final
2022-06-01 01:14:56,141 aditrezas-macbook-pro product-service-dev.jar[28830] DEBUG [io.ver.cor.log.LoggerFactory] (Quarkus Main Thread) Using io.vertx.core.logging.SLF4JLogDelegateFactory
2022-06-01 01:14:56,146 aditrezas-macbook-pro product-service-dev.jar[28830] DEBUG [io.qua.ver.cor.run.VertxCoreRecorder] (Quarkus Main Thread) Vert.x Cache configured to: /var/folders/y9/sx5r5l_d51q33cm9ydsgcggr0000gn/T/vertx-cache/3534138611890435760
2022-06-01 01:14:56,163 aditrezas-macbook-pro product-service-dev.jar[28830] DEBUG [io.net.uti.ResourceLeakDetector] (Quarkus Main Thread) -Dio.netty.leakDetection.level: simple
2022-06-01 01:14:56,163 aditrezas-macbook-pro product-service-dev.jar[28830] DEBUG [io.net.uti.ResourceLeakDetector] (Quarkus Main Thread) -Dio.netty.leakDetection.targetRecords: 4
2022-06-01 01:14:56,174 aditrezas-macbook-pro product-service-dev.jar[28830] DEBUG [io.net.cha.MultithreadEventLoopGroup] (Quarkus Main Thread) -Dio.netty.eventLoopThreads: 16
2022-06-01 01:14:56,181 aditrezas-macbook-pro product-service-dev.jar[28830] DEBUG [io.net.uti.int.InternalThreadLocalMap] (Quarkus Main Thread) -Dio.netty.threadLocalMap.stringBuilder.initialSize: 1024
2022-06-01 01:14:56,181 aditrezas-macbook-pro product-service-dev.jar[28830] DEBUG [io.net.uti.int.InternalThreadLocalMap] (Quarkus Main Thread) -Dio.netty.threadLocalMap.stringBuilder.maxSize: 4096
2022-06-01 01:14:56,184 aditrezas-macbook-pro product-service-dev.jar[28830] DEBUG [io.net.cha.nio.NioEventLoop] (Quarkus Main Thread) -Dio.netty.noKeySetOptimization: false
2022-06-01 01:14:56,184 aditrezas-macbook-pro product-service-dev.jar[28830] DEBUG [io.net.cha.nio.NioEventLoop] (Quarkus Main Thread) -Dio.netty.selectorAutoRebuildThreshold: 512
2022-06-01 01:14:56,188 aditrezas-macbook-pro product-service-dev.jar[28830] DEBUG [io.net.uti.int.PlatformDependent] (Quarkus Main Thread) org.jctools-core.MpscChunkedArrayQueue: available
2022-06-01 01:14:56,199 aditrezas-macbook-pro product-service-dev.jar[28830] DEBUG [io.qua.ver.cor.run.VertxCoreRecorder] (Quarkus Main Thread) Vertx has Native Transport Enabled: false
2022-06-01 01:14:56,335 aditrezas-macbook-pro product-service-dev.jar[28830] DEBUG [io.net.uti.NetUtil] (vert.x-eventloop-thread-1) -Djava.net.preferIPv4Stack: false
2022-06-01 01:14:56,336 aditrezas-macbook-pro product-service-dev.jar[28830] DEBUG [io.net.uti.NetUtil] (vert.x-eventloop-thread-1) -Djava.net.preferIPv6Addresses: false
2022-06-01 01:14:56,338 aditrezas-macbook-pro product-service-dev.jar[28830] DEBUG [io.net.uti.NetUtilInitializations] (vert.x-eventloop-thread-1) Loopback interface: lo0 (lo0, 0:0:0:0:0:0:0:1%lo0)
2022-06-01 01:14:56,338 aditrezas-macbook-pro product-service-dev.jar[28830] DEBUG [io.net.uti.NetUtil] (vert.x-eventloop-thread-1) Failed to get SOMAXCONN from sysctl and file /proc/sys/net/core/somaxconn. Default: 128
2022-06-01 01:14:56,362 aditrezas-macbook-pro product-service-dev.jar[28830] DEBUG [io.net.buf.PooledByteBufAllocator] (vert.x-eventloop-thread-0) -Dio.netty.allocator.numHeapArenas: 16
2022-06-01 01:14:56,362 aditrezas-macbook-pro product-service-dev.jar[28830] DEBUG [io.net.buf.PooledByteBufAllocator] (vert.x-eventloop-thread-0) -Dio.netty.allocator.numDirectArenas: 16
2022-06-01 01:14:56,362 aditrezas-macbook-pro product-service-dev.jar[28830] DEBUG [io.net.buf.PooledByteBufAllocator] (vert.x-eventloop-thread-0) -Dio.netty.allocator.pageSize: 8192
2022-06-01 01:14:56,363 aditrezas-macbook-pro product-service-dev.jar[28830] DEBUG [io.net.buf.PooledByteBufAllocator] (vert.x-eventloop-thread-0) -Dio.netty.allocator.maxOrder: 3
2022-06-01 01:14:56,363 aditrezas-macbook-pro product-service-dev.jar[28830] DEBUG [io.net.buf.PooledByteBufAllocator] (vert.x-eventloop-thread-0) -Dio.netty.allocator.chunkSize: 65536
2022-06-01 01:14:56,363 aditrezas-macbook-pro product-service-dev.jar[28830] DEBUG [io.net.buf.PooledByteBufAllocator] (vert.x-eventloop-thread-0) -Dio.netty.allocator.smallCacheSize: 256
2022-06-01 01:14:56,363 aditrezas-macbook-pro product-service-dev.jar[28830] DEBUG [io.net.buf.PooledByteBufAllocator] (vert.x-eventloop-thread-0) -Dio.netty.allocator.normalCacheSize: 64
2022-06-01 01:14:56,363 aditrezas-macbook-pro product-service-dev.jar[28830] DEBUG [io.net.buf.PooledByteBufAllocator] (vert.x-eventloop-thread-0) -Dio.netty.allocator.maxCachedBufferCapacity: 32768
2022-06-01 01:14:56,363 aditrezas-macbook-pro product-service-dev.jar[28830] DEBUG [io.net.buf.PooledByteBufAllocator] (vert.x-eventloop-thread-0) -Dio.netty.allocator.cacheTrimInterval: 8192
2022-06-01 01:14:56,363 aditrezas-macbook-pro product-service-dev.jar[28830] DEBUG [io.net.buf.PooledByteBufAllocator] (vert.x-eventloop-thread-0) -Dio.netty.allocator.cacheTrimIntervalMillis: 0
2022-06-01 01:14:56,363 aditrezas-macbook-pro product-service-dev.jar[28830] DEBUG [io.net.buf.PooledByteBufAllocator] (vert.x-eventloop-thread-0) -Dio.netty.allocator.useCacheForAllThreads: true
2022-06-01 01:14:56,363 aditrezas-macbook-pro product-service-dev.jar[28830] DEBUG [io.net.buf.PooledByteBufAllocator] (vert.x-eventloop-thread-0) -Dio.netty.allocator.maxCachedByteBuffersPerChunk: 1023
2022-06-01 01:14:56,410 aditrezas-macbook-pro product-service-dev.jar[28830] DEBUG [io.net.buf.ByteBufUtil] (vert.x-eventloop-thread-0) -Dio.netty.allocator.type: pooled
2022-06-01 01:14:56,410 aditrezas-macbook-pro product-service-dev.jar[28830] DEBUG [io.net.buf.ByteBufUtil] (vert.x-eventloop-thread-0) -Dio.netty.threadLocalDirectBufferSize: 0
2022-06-01 01:14:56,410 aditrezas-macbook-pro product-service-dev.jar[28830] DEBUG [io.net.buf.ByteBufUtil] (vert.x-eventloop-thread-0) -Dio.netty.maxThreadLocalCharBufferSize: 16384
2022-06-01 01:14:56,425 aditrezas-macbook-pro product-service-dev.jar[28830] INFO  [io.quarkus] (Quarkus Main Thread) product-service 1.0-SNAPSHOT on JVM (powered by Quarkus 2.8.3.Final) started in 3.227s. Listening on: http://localhost:8081
2022-06-01 01:14:56,426 aditrezas-macbook-pro product-service-dev.jar[28830] INFO  [io.quarkus] (Quarkus Main Thread) Profile dev activated. Live Coding activated.
2022-06-01 01:14:56,426 aditrezas-macbook-pro product-service-dev.jar[28830] INFO  [io.quarkus] (Quarkus Main Thread) Installed features: [cdi, reactive-routes, resteasy-reactive, resteasy-reactive-jsonb, security, smallrye-context-propagation, smallrye-jwt, smallrye-openapi, swagger-ui, vertx]
2022-06-01 01:15:11,464 aditrezas-macbook-pro product-service-dev.jar[28830] DEBUG [io.net.uti.Recycler] (vert.x-eventloop-thread-0) -Dio.netty.recycler.maxCapacityPerThread: 4096
2022-06-01 01:15:11,465 aditrezas-macbook-pro product-service-dev.jar[28830] DEBUG [io.net.uti.Recycler] (vert.x-eventloop-thread-0) -Dio.netty.recycler.ratio: 8
2022-06-01 01:15:11,465 aditrezas-macbook-pro product-service-dev.jar[28830] DEBUG [io.net.uti.Recycler] (vert.x-eventloop-thread-0) -Dio.netty.recycler.chunkSize: 32
2022-06-01 01:15:11,465 aditrezas-macbook-pro product-service-dev.jar[28830] DEBUG [io.net.uti.Recycler] (vert.x-eventloop-thread-0) -Dio.netty.recycler.blocking: false
2022-06-01 01:15:11,471 aditrezas-macbook-pro product-service-dev.jar[28830] DEBUG [io.net.buf.AbstractByteBuf] (vert.x-eventloop-thread-0) -Dio.netty.buffer.checkAccessible: true
2022-06-01 01:15:11,471 aditrezas-macbook-pro product-service-dev.jar[28830] DEBUG [io.net.buf.AbstractByteBuf] (vert.x-eventloop-thread-0) -Dio.netty.buffer.checkBounds: true
2022-06-01 01:15:11,472 aditrezas-macbook-pro product-service-dev.jar[28830] DEBUG [io.net.uti.ResourceLeakDetectorFactory] (vert.x-eventloop-thread-0) Loaded default ResourceLeakDetector: io.netty.util.ResourceLeakDetector@19eba099
2022-06-01 01:15:11,555 aditrezas-macbook-pro product-service-dev.jar[28830] DEBUG [io.net.han.cod.com.ZlibCodecFactory] (vert.x-eventloop-thread-0) -Dio.netty.noJdkZlibDecoder: false
2022-06-01 01:15:11,555 aditrezas-macbook-pro product-service-dev.jar[28830] DEBUG [io.net.han.cod.com.ZlibCodecFactory] (vert.x-eventloop-thread-0) -Dio.netty.noJdkZlibEncoder: false
2022-06-01 01:15:11,614 aditrezas-macbook-pro product-service-dev.jar[28830] DEBUG [io.sma.jwt.auth] (vert.x-eventloop-thread-0) SRJWT06000: tokenHeaderName = Authorization
2022-06-01 01:15:11,614 aditrezas-macbook-pro product-service-dev.jar[28830] DEBUG [io.sma.jwt.auth] (vert.x-eventloop-thread-0) SRJWT06005: Authorization header was null
2022-06-01 01:15:18,668 aditrezas-macbook-pro product-service-dev.jar[28830] DEBUG [io.sma.jwt.auth] (vert.x-eventloop-thread-0) SRJWT06000: tokenHeaderName = Authorization
2022-06-01 01:15:18,675 aditrezas-macbook-pro product-service-dev.jar[28830] DEBUG [io.sma.jwt.aut.principal] (vert.x-eventloop-thread-0) SRJWT08015: loadSpi, cl=jdk.internal.loader.ClassLoaders$PlatformClassLoader@4f38ed58, u=null, sl=java.util.ServiceLoader[io.smallrye.jwt.auth.principal.JWTCallerPrincipalFactory]
2022-06-01 01:15:18,676 aditrezas-macbook-pro product-service-dev.jar[28830] DEBUG [io.sma.jwt.aut.principal] (vert.x-eventloop-thread-0) SRJWT08015: loadSpi, cl=jdk.internal.loader.ClassLoaders$AppClassLoader@251a69d7, u=null, sl=java.util.ServiceLoader[io.smallrye.jwt.auth.principal.JWTCallerPrincipalFactory]
2022-06-01 01:15:18,676 aditrezas-macbook-pro product-service-dev.jar[28830] DEBUG [io.sma.jwt.aut.principal] (vert.x-eventloop-thread-0) SRJWT08015: loadSpi, cl=QuarkusClassLoader:Quarkus Base Runtime ClassLoader: DEV@33b37288, u=null, sl=java.util.ServiceLoader[io.smallrye.jwt.auth.principal.JWTCallerPrincipalFactory]
2022-06-01 01:15:18,676 aditrezas-macbook-pro product-service-dev.jar[28830] DEBUG [io.sma.jwt.aut.principal] (vert.x-eventloop-thread-0) SRJWT08015: loadSpi, cl=QuarkusClassLoader:Quarkus Runtime ClassLoader: DEV restart no:0@a619c2, u=null, sl=java.util.ServiceLoader[io.smallrye.jwt.auth.principal.JWTCallerPrincipalFactory]
2022-06-01 01:15:18,677 aditrezas-macbook-pro product-service-dev.jar[28830] DEBUG [io.sma.jwt.aut.principal] (vert.x-eventloop-thread-0) SRJWT08015: loadSpi, cl=jdk.internal.loader.ClassLoaders$PlatformClassLoader@4f38ed58, u=null, sl=java.util.ServiceLoader[io.smallrye.jwt.auth.principal.JWTCallerPrincipalFactory]
2022-06-01 01:15:18,677 aditrezas-macbook-pro product-service-dev.jar[28830] DEBUG [io.sma.jwt.aut.principal] (vert.x-eventloop-thread-0) SRJWT08015: loadSpi, cl=jdk.internal.loader.ClassLoaders$AppClassLoader@251a69d7, u=null, sl=java.util.ServiceLoader[io.smallrye.jwt.auth.principal.JWTCallerPrincipalFactory]
2022-06-01 01:15:18,677 aditrezas-macbook-pro product-service-dev.jar[28830] DEBUG [io.sma.jwt.aut.principal] (vert.x-eventloop-thread-0) SRJWT08015: loadSpi, cl=QuarkusClassLoader:Quarkus Base Runtime ClassLoader: DEV@33b37288, u=null, sl=java.util.ServiceLoader[io.smallrye.jwt.auth.principal.JWTCallerPrincipalFactory]
2022-06-01 01:15:18,682 aditrezas-macbook-pro product-service-dev.jar[28830] DEBUG [io.sma.jwt.aut.principal] (vert.x-eventloop-thread-0) SRJWT08015: loadSpi, cl=jdk.internal.loader.ClassLoaders$PlatformClassLoader@4f38ed58, u=null, sl=java.util.ServiceLoader[io.smallrye.jwt.auth.principal.JWTCallerPrincipalFactory]
2022-06-01 01:15:18,682 aditrezas-macbook-pro product-service-dev.jar[28830] DEBUG [io.sma.jwt.aut.principal] (vert.x-eventloop-thread-0) SRJWT08015: loadSpi, cl=jdk.internal.loader.ClassLoaders$AppClassLoader@251a69d7, u=null, sl=java.util.ServiceLoader[io.smallrye.jwt.auth.principal.JWTCallerPrincipalFactory]
2022-06-01 01:15:18,683 aditrezas-macbook-pro product-service-dev.jar[28830] DEBUG [io.sma.jwt.aut.principal] (vert.x-eventloop-thread-0) SRJWT08015: loadSpi, cl=QuarkusClassLoader:Quarkus Base Runtime ClassLoader: DEV@33b37288, u=null, sl=java.util.ServiceLoader[io.smallrye.jwt.auth.principal.JWTCallerPrincipalFactory]
2022-06-01 01:15:18,683 aditrezas-macbook-pro product-service-dev.jar[28830] DEBUG [io.sma.jwt.aut.principal] (vert.x-eventloop-thread-0) SRJWT08015: loadSpi, cl=QuarkusClassLoader:Quarkus Runtime ClassLoader: DEV restart no:0@a619c2, u=null, sl=java.util.ServiceLoader[io.smallrye.jwt.auth.principal.JWTCallerPrincipalFactory]
2022-06-01 01:15:18,683 aditrezas-macbook-pro product-service-dev.jar[28830] DEBUG [io.sma.jwt.aut.principal] (vert.x-eventloop-thread-0) SRJWT08015: loadSpi, cl=jdk.internal.loader.ClassLoaders$PlatformClassLoader@4f38ed58, u=null, sl=java.util.ServiceLoader[io.smallrye.jwt.auth.principal.JWTCallerPrincipalFactory]
2022-06-01 01:15:18,683 aditrezas-macbook-pro product-service-dev.jar[28830] DEBUG [io.sma.jwt.aut.principal] (vert.x-eventloop-thread-0) SRJWT08015: loadSpi, cl=jdk.internal.loader.ClassLoaders$AppClassLoader@251a69d7, u=null, sl=java.util.ServiceLoader[io.smallrye.jwt.auth.principal.JWTCallerPrincipalFactory]
2022-06-01 01:15:18,684 aditrezas-macbook-pro product-service-dev.jar[28830] DEBUG [io.sma.jwt.aut.principal] (vert.x-eventloop-thread-0) SRJWT08015: loadSpi, cl=QuarkusClassLoader:Quarkus Base Runtime ClassLoader: DEV@33b37288, u=null, sl=java.util.ServiceLoader[io.smallrye.jwt.auth.principal.JWTCallerPrincipalFactory]
2022-06-01 01:15:18,692 aditrezas-macbook-pro product-service-dev.jar[28830] DEBUG [io.sma.jwt.aut.principal] (vert.x-eventloop-thread-0) SRJWT08019: AuthContextInfo is: JWTAuthContextInfo{publicVerificationKey=null, secretVerificationKey=null, privateDecryptionKey=null, secretDecryptionKey=null, issuedBy='auth-service-secret-issuer', expGracePeriodSecs=60, maxTimeToLiveSecs=null, publicKeyLocation='null', publicKeyContent='-----BEGIN PUBLIC KEY-----MIIBIjANBgkqhkiG9w0BAQEFAAOCAQ8AMIIBCgKCAQEAxJD2JBQYtx4zauUOfleF/vlNHxOWledDOnXke/ZX/sAqH9JTJ0pLayKqucG/2tZuUU7ip+4jhhBkT6MHSD1A4Jak7AFRnyMKbCg8Rcau/EigeQAnMXBRPLRsN6nrMmjNgCFYpXggZ5Bzd1OkjRKbLMXW6F0qVwwteb8xogqNbChn/HsMnpn+ts1QzjNZNA6QOVyuqmw04xndVZorUu5txDcWIGGzE0ZaXRQK6yJnwrEXU7AvNNWKYoJcrEkwZwW5zu5Fvs3EjeTvcFkuQVXEOPicnkSxxhbvOnkVDvgt94G/B9Y6QQ0d0f621s5/gCwT2FHBTp3CrgvL0+307rGwtQIDAQAB-----END PUBLIC KEY-----', decryptionKeyLocation='null', decryptionKeyContent='null', jwksRefreshInterval=60, tokenHeader='Authorization', tokenCookie='null', alwaysCheckAuthorization=false, tokenKeyId='null', tokenDecryptionKeyId='null', tokenSchemes=[Bearer], requireNamedPrincipal=true, defaultSubClaim='null', subPath='null', defaultGroupsClaim='null', groupsPath='null', signatureAlgorithm=RS256, keyEncryptionAlgorithm=RSA_OAEP, keyFormat=ANY, expectedAudience=null, groupsSeparator=' ', relaxVerificationKeyValidation=true, verifyCertificateThumbprint=false, tlsCertificatePath=null, tlsTrustAll=false, tlsTrustedHosts=null, httpProxyHost=null, httpProxyPort=80}
2022-06-01 01:15:18,692 aditrezas-macbook-pro product-service-dev.jar[28830] DEBUG [io.sma.jwt.aut.principal] (vert.x-eventloop-thread-0) SRJWT08035: Checking if the key content is a Base64 encoded PEM key
2022-06-01 01:15:18,706 aditrezas-macbook-pro product-service-dev.jar[28830] DEBUG [io.sma.jwt.aut.principal] (vert.x-eventloop-thread-0) SRJWT08036: Key has been created from the encoded PEM key
2022-06-01 01:15:18,767 aditrezas-macbook-pro product-service-dev.jar[28830] DEBUG [org.jos.jwa.AlgorithmFactoryFactory] (vert.x-eventloop-thread-0) Initializing jose4j (running with Java 17.0.3 from Amazon.com Inc. at /Users/aditreza/Library/Java/JavaVirtualMachines/corretto-17.0.3/Contents/Home with [SUN version 17, SunRsaSign version 17, SunEC version 17, SunJSSE version 17, SunJCE version 17, SunJGSS version 17, SunSASL version 17, XMLDSig version 17, SunPCSC version 17, JdkLDAP version 17, JdkSASL version 17, Apple version 17, SunPKCS11 version 17] security providers installed)...
2022-06-01 01:15:18,769 aditrezas-macbook-pro product-service-dev.jar[28830] DEBUG [org.jos.jwa.AlgorithmFactory->JsonWebSignatureAlgorithm] (vert.x-eventloop-thread-0) org.jose4j.jws.UnsecuredNoneAlgorithm(none|null) registered for alg algorithm none
2022-06-01 01:15:18,781 aditrezas-macbook-pro product-service-dev.jar[28830] DEBUG [org.jos.jwa.AlgorithmFactory->JsonWebSignatureAlgorithm] (vert.x-eventloop-thread-0) org.jose4j.jws.HmacUsingShaAlgorithm$HmacSha256(HS256|HmacSHA256) registered for alg algorithm HS256
2022-06-01 01:15:18,781 aditrezas-macbook-pro product-service-dev.jar[28830] DEBUG [org.jos.jwa.AlgorithmFactory->JsonWebSignatureAlgorithm] (vert.x-eventloop-thread-0) org.jose4j.jws.HmacUsingShaAlgorithm$HmacSha384(HS384|HmacSHA384) registered for alg algorithm HS384
2022-06-01 01:15:18,782 aditrezas-macbook-pro product-service-dev.jar[28830] DEBUG [org.jos.jwa.AlgorithmFactory->JsonWebSignatureAlgorithm] (vert.x-eventloop-thread-0) org.jose4j.jws.HmacUsingShaAlgorithm$HmacSha512(HS512|HmacSHA512) registered for alg algorithm HS512
2022-06-01 01:15:18,786 aditrezas-macbook-pro product-service-dev.jar[28830] DEBUG [org.jos.jwa.AlgorithmFactory->JsonWebSignatureAlgorithm] (vert.x-eventloop-thread-0) org.jose4j.jws.EcdsaUsingShaAlgorithm$EcdsaP256UsingSha256(ES256|SHA256withECDSA) registered for alg algorithm ES256
2022-06-01 01:15:18,787 aditrezas-macbook-pro product-service-dev.jar[28830] DEBUG [org.jos.jwa.AlgorithmFactory->JsonWebSignatureAlgorithm] (vert.x-eventloop-thread-0) org.jose4j.jws.EcdsaUsingShaAlgorithm$EcdsaP384UsingSha384(ES384|SHA384withECDSA) registered for alg algorithm ES384
2022-06-01 01:15:18,788 aditrezas-macbook-pro product-service-dev.jar[28830] DEBUG [org.jos.jwa.AlgorithmFactory->JsonWebSignatureAlgorithm] (vert.x-eventloop-thread-0) org.jose4j.jws.EcdsaUsingShaAlgorithm$EcdsaP521UsingSha512(ES512|SHA512withECDSA) registered for alg algorithm ES512
2022-06-01 01:15:18,788 aditrezas-macbook-pro product-service-dev.jar[28830] DEBUG [org.jos.jwa.AlgorithmFactory->JsonWebSignatureAlgorithm] (vert.x-eventloop-thread-0) org.jose4j.jws.RsaUsingShaAlgorithm$RsaSha256(RS256|SHA256withRSA) registered for alg algorithm RS256
2022-06-01 01:15:18,789 aditrezas-macbook-pro product-service-dev.jar[28830] DEBUG [org.jos.jwa.AlgorithmFactory->JsonWebSignatureAlgorithm] (vert.x-eventloop-thread-0) org.jose4j.jws.RsaUsingShaAlgorithm$RsaSha384(RS384|SHA384withRSA) registered for alg algorithm RS384
2022-06-01 01:15:18,789 aditrezas-macbook-pro product-service-dev.jar[28830] DEBUG [org.jos.jwa.AlgorithmFactory->JsonWebSignatureAlgorithm] (vert.x-eventloop-thread-0) org.jose4j.jws.RsaUsingShaAlgorithm$RsaSha512(RS512|SHA512withRSA) registered for alg algorithm RS512
2022-06-01 01:15:18,791 aditrezas-macbook-pro product-service-dev.jar[28830] DEBUG [org.jos.jwa.AlgorithmFactory->JsonWebSignatureAlgorithm] (vert.x-eventloop-thread-0) org.jose4j.jws.RsaUsingShaAlgorithm$RsaPssSha256(PS256|RSASSA-PSS) registered for alg algorithm PS256
2022-06-01 01:15:18,792 aditrezas-macbook-pro product-service-dev.jar[28830] DEBUG [org.jos.jwa.AlgorithmFactory->JsonWebSignatureAlgorithm] (vert.x-eventloop-thread-0) org.jose4j.jws.RsaUsingShaAlgorithm$RsaPssSha384(PS384|RSASSA-PSS) registered for alg algorithm PS384
2022-06-01 01:15:18,792 aditrezas-macbook-pro product-service-dev.jar[28830] DEBUG [org.jos.jwa.AlgorithmFactory->JsonWebSignatureAlgorithm] (vert.x-eventloop-thread-0) org.jose4j.jws.RsaUsingShaAlgorithm$RsaPssSha512(PS512|RSASSA-PSS) registered for alg algorithm PS512
2022-06-01 01:15:18,793 aditrezas-macbook-pro product-service-dev.jar[28830] DEBUG [org.jos.jwa.AlgorithmFactoryFactory] (vert.x-eventloop-thread-0) JWS signature algorithms: [none, HS256, HS384, HS512, ES256, ES384, ES512, RS256, RS384, RS512, PS256, PS384, PS512]
2022-06-01 01:15:18,799 aditrezas-macbook-pro product-service-dev.jar[28830] DEBUG [org.jos.jwa.AlgorithmFactory->KeyManagementAlgorithm] (vert.x-eventloop-thread-0) org.jose4j.jwe.RsaKeyManagementAlgorithm$Rsa1_5(RSA1_5|RSA/ECB/PKCS1Padding) registered for alg algorithm RSA1_5
2022-06-01 01:15:18,799 aditrezas-macbook-pro product-service-dev.jar[28830] DEBUG [org.jos.jwa.AlgorithmFactory->KeyManagementAlgorithm] (vert.x-eventloop-thread-0) org.jose4j.jwe.RsaKeyManagementAlgorithm$RsaOaep(RSA-OAEP|RSA/ECB/OAEPWithSHA-1AndMGF1Padding) registered for alg algorithm RSA-OAEP
2022-06-01 01:15:18,813 aditrezas-macbook-pro product-service-dev.jar[28830] DEBUG [org.jos.jwa.AlgorithmFactory->KeyManagementAlgorithm] (vert.x-eventloop-thread-0) org.jose4j.jwe.RsaKeyManagementAlgorithm$RsaOaep256(RSA-OAEP-256|RSA/ECB/OAEPWithSHA-256AndMGF1Padding) registered for alg algorithm RSA-OAEP-256
2022-06-01 01:15:18,814 aditrezas-macbook-pro product-service-dev.jar[28830] DEBUG [org.jos.jwa.AlgorithmFactory->KeyManagementAlgorithm] (vert.x-eventloop-thread-0) org.jose4j.jwe.DirectKeyManagementAlgorithm(dir|null) registered for alg algorithm dir
2022-06-01 01:15:18,825 aditrezas-macbook-pro product-service-dev.jar[28830] DEBUG [org.jos.jwa.AlgorithmFactory->KeyManagementAlgorithm] (vert.x-eventloop-thread-0) org.jose4j.jwe.AesKeyWrapManagementAlgorithm$Aes128(A128KW|AESWrap) registered for alg algorithm A128KW
2022-06-01 01:15:18,825 aditrezas-macbook-pro product-service-dev.jar[28830] DEBUG [org.jos.jwa.AlgorithmFactory->KeyManagementAlgorithm] (vert.x-eventloop-thread-0) org.jose4j.jwe.AesKeyWrapManagementAlgorithm$Aes192(A192KW|AESWrap) registered for alg algorithm A192KW
2022-06-01 01:15:18,825 aditrezas-macbook-pro product-service-dev.jar[28830] DEBUG [org.jos.jwa.AlgorithmFactory->KeyManagementAlgorithm] (vert.x-eventloop-thread-0) org.jose4j.jwe.AesKeyWrapManagementAlgorithm$Aes256(A256KW|AESWrap) registered for alg algorithm A256KW
2022-06-01 01:15:18,828 aditrezas-macbook-pro product-service-dev.jar[28830] DEBUG [org.jos.jwa.AlgorithmFactory->KeyManagementAlgorithm] (vert.x-eventloop-thread-0) org.jose4j.jwe.EcdhKeyAgreementAlgorithm(ECDH-ES|ECDH) registered for alg algorithm ECDH-ES
2022-06-01 01:15:18,830 aditrezas-macbook-pro product-service-dev.jar[28830] DEBUG [org.jos.jwa.AlgorithmFactory->KeyManagementAlgorithm] (vert.x-eventloop-thread-0) org.jose4j.jwe.EcdhKeyAgreementWithAesKeyWrapAlgorithm$EcdhKeyAgreementWithAes128KeyWrapAlgorithm(ECDH-ES+A128KW|N/A) registered for alg algorithm ECDH-ES+A128KW
2022-06-01 01:15:18,832 aditrezas-macbook-pro product-service-dev.jar[28830] DEBUG [org.jos.jwa.AlgorithmFactory->KeyManagementAlgorithm] (vert.x-eventloop-thread-0) org.jose4j.jwe.EcdhKeyAgreementWithAesKeyWrapAlgorithm$EcdhKeyAgreementWithAes192KeyWrapAlgorithm(ECDH-ES+A192KW|N/A) registered for alg algorithm ECDH-ES+A192KW
2022-06-01 01:15:18,834 aditrezas-macbook-pro product-service-dev.jar[28830] DEBUG [org.jos.jwa.AlgorithmFactory->KeyManagementAlgorithm] (vert.x-eventloop-thread-0) org.jose4j.jwe.EcdhKeyAgreementWithAesKeyWrapAlgorithm$EcdhKeyAgreementWithAes256KeyWrapAlgorithm(ECDH-ES+A256KW|N/A) registered for alg algorithm ECDH-ES+A256KW
2022-06-01 01:15:18,836 aditrezas-macbook-pro product-service-dev.jar[28830] DEBUG [org.jos.jwa.AlgorithmFactory->KeyManagementAlgorithm] (vert.x-eventloop-thread-0) org.jose4j.jwe.Pbes2HmacShaWithAesKeyWrapAlgorithm$HmacSha256Aes128(PBES2-HS256+A128KW|n/a) registered for alg algorithm PBES2-HS256+A128KW
2022-06-01 01:15:18,836 aditrezas-macbook-pro product-service-dev.jar[28830] DEBUG [org.jos.jwa.AlgorithmFactory->KeyManagementAlgorithm] (vert.x-eventloop-thread-0) org.jose4j.jwe.Pbes2HmacShaWithAesKeyWrapAlgorithm$HmacSha384Aes192(PBES2-HS384+A192KW|n/a) registered for alg algorithm PBES2-HS384+A192KW
2022-06-01 01:15:18,836 aditrezas-macbook-pro product-service-dev.jar[28830] DEBUG [org.jos.jwa.AlgorithmFactory->KeyManagementAlgorithm] (vert.x-eventloop-thread-0) org.jose4j.jwe.Pbes2HmacShaWithAesKeyWrapAlgorithm$HmacSha512Aes256(PBES2-HS512+A256KW|n/a) registered for alg algorithm PBES2-HS512+A256KW
2022-06-01 01:15:18,842 aditrezas-macbook-pro product-service-dev.jar[28830] DEBUG [org.jos.jwa.AlgorithmFactory->KeyManagementAlgorithm] (vert.x-eventloop-thread-0) org.jose4j.jwe.AesGcmKeyEncryptionAlgorithm$Aes128Gcm(A128GCMKW|AES/GCM/NoPadding) registered for alg algorithm A128GCMKW
2022-06-01 01:15:18,842 aditrezas-macbook-pro product-service-dev.jar[28830] DEBUG [org.jos.jwa.AlgorithmFactory->KeyManagementAlgorithm] (vert.x-eventloop-thread-0) org.jose4j.jwe.AesGcmKeyEncryptionAlgorithm$Aes192Gcm(A192GCMKW|AES/GCM/NoPadding) registered for alg algorithm A192GCMKW
2022-06-01 01:15:18,843 aditrezas-macbook-pro product-service-dev.jar[28830] DEBUG [org.jos.jwa.AlgorithmFactory->KeyManagementAlgorithm] (vert.x-eventloop-thread-0) org.jose4j.jwe.AesGcmKeyEncryptionAlgorithm$Aes256Gcm(A256GCMKW|AES/GCM/NoPadding) registered for alg algorithm A256GCMKW
2022-06-01 01:15:18,843 aditrezas-macbook-pro product-service-dev.jar[28830] DEBUG [org.jos.jwa.AlgorithmFactoryFactory] (vert.x-eventloop-thread-0) JWE key management algorithms: [RSA1_5, RSA-OAEP, RSA-OAEP-256, dir, A128KW, A192KW, A256KW, ECDH-ES, ECDH-ES+A128KW, ECDH-ES+A192KW, ECDH-ES+A256KW, PBES2-HS256+A128KW, PBES2-HS384+A192KW, PBES2-HS512+A256KW, A128GCMKW, A192GCMKW, A256GCMKW]
2022-06-01 01:15:18,844 aditrezas-macbook-pro product-service-dev.jar[28830] DEBUG [org.jos.jwa.AlgorithmFactory->ContentEncryptionAlgorithm] (vert.x-eventloop-thread-0) org.jose4j.jwe.AesCbcHmacSha2ContentEncryptionAlgorithm$Aes128CbcHmacSha256(A128CBC-HS256|AES/CBC/PKCS5Padding) registered for enc algorithm A128CBC-HS256
2022-06-01 01:15:18,844 aditrezas-macbook-pro product-service-dev.jar[28830] DEBUG [org.jos.jwa.AlgorithmFactory->ContentEncryptionAlgorithm] (vert.x-eventloop-thread-0) org.jose4j.jwe.AesCbcHmacSha2ContentEncryptionAlgorithm$Aes192CbcHmacSha384(A192CBC-HS384|AES/CBC/PKCS5Padding) registered for enc algorithm A192CBC-HS384
2022-06-01 01:15:18,844 aditrezas-macbook-pro product-service-dev.jar[28830] DEBUG [org.jos.jwa.AlgorithmFactory->ContentEncryptionAlgorithm] (vert.x-eventloop-thread-0) org.jose4j.jwe.AesCbcHmacSha2ContentEncryptionAlgorithm$Aes256CbcHmacSha512(A256CBC-HS512|AES/CBC/PKCS5Padding) registered for enc algorithm A256CBC-HS512
2022-06-01 01:15:18,845 aditrezas-macbook-pro product-service-dev.jar[28830] DEBUG [org.jos.jwa.AlgorithmFactory->ContentEncryptionAlgorithm] (vert.x-eventloop-thread-0) org.jose4j.jwe.AesGcmContentEncryptionAlgorithm$Aes128Gcm(A128GCM|AES/GCM/NoPadding) registered for enc algorithm A128GCM
2022-06-01 01:15:18,846 aditrezas-macbook-pro product-service-dev.jar[28830] DEBUG [org.jos.jwa.AlgorithmFactory->ContentEncryptionAlgorithm] (vert.x-eventloop-thread-0) org.jose4j.jwe.AesGcmContentEncryptionAlgorithm$Aes192Gcm(A192GCM|AES/GCM/NoPadding) registered for enc algorithm A192GCM
2022-06-01 01:15:18,846 aditrezas-macbook-pro product-service-dev.jar[28830] DEBUG [org.jos.jwa.AlgorithmFactory->ContentEncryptionAlgorithm] (vert.x-eventloop-thread-0) org.jose4j.jwe.AesGcmContentEncryptionAlgorithm$Aes256Gcm(A256GCM|AES/GCM/NoPadding) registered for enc algorithm A256GCM
2022-06-01 01:15:18,846 aditrezas-macbook-pro product-service-dev.jar[28830] DEBUG [org.jos.jwa.AlgorithmFactoryFactory] (vert.x-eventloop-thread-0) JWE content encryption algorithms: [A128CBC-HS256, A192CBC-HS384, A256CBC-HS512, A128GCM, A192GCM, A256GCM]
2022-06-01 01:15:18,847 aditrezas-macbook-pro product-service-dev.jar[28830] DEBUG [org.jos.jwa.AlgorithmFactory->CompressionAlgorithm] (vert.x-eventloop-thread-0) org.jose4j.zip.DeflateRFC1951CompressionAlgorithm@7b76a83e registered for zip algorithm DEF
2022-06-01 01:15:18,847 aditrezas-macbook-pro product-service-dev.jar[28830] DEBUG [org.jos.jwa.AlgorithmFactoryFactory] (vert.x-eventloop-thread-0) JWE compression algorithms: [DEF]
2022-06-01 01:15:18,847 aditrezas-macbook-pro product-service-dev.jar[28830] DEBUG [org.jos.jwa.AlgorithmFactoryFactory] (vert.x-eventloop-thread-0) Initialized jose4j in 80ms
2022-06-01 01:15:18,849 aditrezas-macbook-pro product-service-dev.jar[28830] DEBUG [io.sma.jwt.aut.principal] (vert.x-eventloop-thread-0) SRJWT08004: Token is invalid
2022-06-01 01:15:18,851 aditrezas-macbook-pro product-service-dev.jar[28830] DEBUG [io.qua.sma.jwt.run.aut.MpJwtValidator] (vert.x-eventloop-thread-0) Authentication failed: io.smallrye.jwt.auth.principal.ParseException: SRJWT07000: Failed to verify a token
	at io.smallrye.jwt.auth.principal.DefaultJWTTokenParser.parseClaims(DefaultJWTTokenParser.java:164)
	at io.smallrye.jwt.auth.principal.DefaultJWTTokenParser.parse(DefaultJWTTokenParser.java:56)
	at io.smallrye.jwt.auth.principal.DefaultJWTCallerPrincipalFactory.parse(DefaultJWTCallerPrincipalFactory.java:31)
	at io.smallrye.jwt.auth.principal.DefaultJWTParser.parse(DefaultJWTParser.java:64)
	at io.smallrye.jwt.auth.principal.DefaultJWTParser_Subclass.parse$$superforward1(Unknown Source)
	at io.smallrye.jwt.auth.principal.DefaultJWTParser_Subclass$$function$$6.apply(Unknown Source)
	at io.quarkus.arc.impl.AroundInvokeInvocationContext.proceed(AroundInvokeInvocationContext.java:54)
	at io.quarkus.arc.runtime.devconsole.InvocationInterceptor.proceed(InvocationInterceptor.java:62)
	at io.quarkus.arc.runtime.devconsole.InvocationInterceptor.monitor(InvocationInterceptor.java:51)
	at io.quarkus.arc.runtime.devconsole.InvocationInterceptor_Bean.intercept(Unknown Source)
	at io.quarkus.arc.impl.InterceptorInvocation.invoke(InterceptorInvocation.java:41)
	at io.quarkus.arc.impl.AroundInvokeInvocationContext.perform(AroundInvokeInvocationContext.java:41)
	at io.quarkus.arc.impl.InvocationContexts.performAroundInvoke(InvocationContexts.java:32)
	at io.smallrye.jwt.auth.principal.DefaultJWTParser_Subclass.parse(Unknown Source)
	at io.smallrye.jwt.auth.principal.DefaultJWTParser_ClientProxy.parse(Unknown Source)
	at io.quarkus.smallrye.jwt.runtime.auth.MpJwtValidator.createSecurityIdentity(MpJwtValidator.java:76)
	at io.quarkus.smallrye.jwt.runtime.auth.MpJwtValidator$1.accept(MpJwtValidator.java:62)
	at io.quarkus.smallrye.jwt.runtime.auth.MpJwtValidator$1.accept(MpJwtValidator.java:58)
	at io.smallrye.context.impl.wrappers.SlowContextualConsumer.accept(SlowContextualConsumer.java:21)
	at io.smallrye.mutiny.operators.uni.builders.UniCreateWithEmitter.subscribe(UniCreateWithEmitter.java:22)
	at io.smallrye.mutiny.operators.AbstractUni.subscribe(AbstractUni.java:36)
	at io.smallrye.mutiny.operators.uni.UniMemoizeOp.subscribe(UniMemoizeOp.java:84)
	at io.smallrye.mutiny.operators.AbstractUni.subscribe(AbstractUni.java:36)
	at io.smallrye.mutiny.groups.UniSubscribe.withSubscriber(UniSubscribe.java:52)
	at io.quarkus.vertx.http.runtime.security.HttpSecurityRecorder$2.handle(HttpSecurityRecorder.java:113)
	at io.quarkus.vertx.http.runtime.security.HttpSecurityRecorder$2.handle(HttpSecurityRecorder.java:60)
	at io.vertx.ext.web.impl.RouteState.handleContext(RouteState.java:1212)
	at io.vertx.ext.web.impl.RoutingContextImplBase.iterateNext(RoutingContextImplBase.java:163)
	at io.vertx.ext.web.impl.RoutingContextImpl.next(RoutingContextImpl.java:141)
	at io.quarkus.vertx.http.runtime.devmode.VertxHttpHotReplacementSetup$5.handle(VertxHttpHotReplacementSetup.java:196)
	at io.quarkus.vertx.http.runtime.devmode.VertxHttpHotReplacementSetup$5.handle(VertxHttpHotReplacementSetup.java:185)
	at io.vertx.core.impl.future.FutureImpl$3.onSuccess(FutureImpl.java:141)
	at io.vertx.core.impl.future.FutureBase.lambda$emitSuccess$0(FutureBase.java:54)
	at io.netty.util.concurrent.AbstractEventExecutor.safeExecute(AbstractEventExecutor.java:164)
	at io.netty.util.concurrent.SingleThreadEventExecutor.runAllTasks(SingleThreadEventExecutor.java:469)
	at io.netty.channel.nio.NioEventLoop.run(NioEventLoop.java:500)
	at io.netty.util.concurrent.SingleThreadEventExecutor$4.run(SingleThreadEventExecutor.java:986)
	at io.netty.util.internal.ThreadExecutorMap$2.run(ThreadExecutorMap.java:74)
	at io.netty.util.concurrent.FastThreadLocalRunnable.run(FastThreadLocalRunnable.java:30)
	at java.base/java.lang.Thread.run(Thread.java:833)
Caused by: org.jose4j.jwt.consumer.InvalidJwtSignatureException: JWT rejected due to invalid signature. Additional details: [[9] Invalid JWS Signature: JsonWebSignature{"typ":"JWT","alg":"RS256"}->eyJ0eXAiOiJKV1QiLCJhbGciOiJSUzI1NiJ9.eyJpc3MiOiJhdXRoLXNlcnZpY2Utc2VjcmV0LWlzc3VlciIsInN1YiI6ImF1dGgtc2VydmljZSIsImdyb3VwcyI6WyJhZG1pbiIsIm1lcmNoYW50Il0sImV4cCI6MTY1NDAxMzU0NzgwNCwiaWF0IjoxNjU0MDEzNTQ0LCJqdGkiOiI0ODA0M2U3NS04NmUzLTRjMTUtYmU4Yi03ODBkNjdjZTc4YzUifQ.HVXfBLGv0DqenPSgIYUEYvhFpvDss3cw6fJymOVvpOybcMJOUbpkavlYp4FVB2G6Np9TWO1umOih-DONjG0uBhqZebSt8SD3gNRqh_qIkFBu8goAF8iioIdYjsKIMX2PMxwl7PIfYaZsJfRwSXgbzfCNiTrwkMiipLOJEgIF44fohTUqAOcHZPf8jqy9iDU73tRe2bRAAcVw2srk56IBl1A42-CdE9kRgJxf3wQCgNlfyiiBCnYXoPl6HcGI8WNPsmLEUPoPpqvKQrVlUHHagm6Ng03vvxjC3gw7_RCEjJc2-0SNB1wobc7TW07UJdZgP9W8dKQdpvliS3O9rIuAiA]
	at org.jose4j.jwt.consumer.JwtConsumer.processContext(JwtConsumer.java:224)
	at org.jose4j.jwt.consumer.JwtConsumer.process(JwtConsumer.java:426)
	at io.smallrye.jwt.auth.principal.DefaultJWTTokenParser.parseClaims(DefaultJWTTokenParser.java:143)
	... 39 more

2022-06-01 01:15:31,104 aditrezas-macbook-pro product-service-dev.jar[28830] DEBUG [io.qua.arc.impl] (Shutdown thread) ArC DI container shut down
2022-06-01 01:15:31,105 aditrezas-macbook-pro product-service-dev.jar[28830] INFO  [io.quarkus] (Shutdown thread) product-service stopped in 0.021s
2022-06-01 01:15:58,123 aditrezas-macbook-pro surefirebooter15059872064712095437.jar[29031] INFO  [org.jbo.threads] (main) JBoss Threads version 3.4.2.Final
2022-06-01 01:19:03,223 aditrezas-macbook-pro surefirebooter9230734650608501766.jar[29364] INFO  [org.jbo.threads] (main) JBoss Threads version 3.4.2.Final
2022-06-01 01:32:48,223 aditrezas-macbook-pro JUnitStarter[30253] INFO  [org.jbo.threads] (main) JBoss Threads version 3.4.2.Final
